[30-Sep-2021 08:54:52 UTC] PHP Warning:  array_column() expects parameter 1 to be array, string given in /Users/jacopo/Desktop/notion-woocommerce-integration/wp/app/public/wp-content/plugins/woocommerce/packages/woocommerce-admin/src/RemoteInboxNotifications/Transformers/ArrayColumn.php on line 27
[30-Sep-2021 08:54:52 UTC] PHP Stack trace:
[30-Sep-2021 08:54:52 UTC] PHP   1. {main}() /Users/jacopo/Desktop/notion-woocommerce-integration/wp/app/public/index.php:0
[30-Sep-2021 08:54:52 UTC] PHP   2. require() /Users/jacopo/Desktop/notion-woocommerce-integration/wp/app/public/index.php:17
[30-Sep-2021 08:54:52 UTC] PHP   3. wp() /Users/jacopo/Desktop/notion-woocommerce-integration/wp/app/public/wp-blog-header.php:16
[30-Sep-2021 08:54:52 UTC] PHP   4. WP->main() /Users/jacopo/Desktop/notion-woocommerce-integration/wp/app/public/wp-includes/functions.php:1291
[30-Sep-2021 08:54:52 UTC] PHP   5. WP->parse_request() /Users/jacopo/Desktop/notion-woocommerce-integration/wp/app/public/wp-includes/class-wp.php:750
[30-Sep-2021 08:54:52 UTC] PHP   6. do_action_ref_array() /Users/jacopo/Desktop/notion-woocommerce-integration/wp/app/public/wp-includes/class-wp.php:388
[30-Sep-2021 08:54:52 UTC] PHP   7. WP_Hook->do_action() /Users/jacopo/Desktop/notion-woocommerce-integration/wp/app/public/wp-includes/plugin.php:518
[30-Sep-2021 08:54:52 UTC] PHP   8. WP_Hook->apply_filters() /Users/jacopo/Desktop/notion-woocommerce-integration/wp/app/public/wp-includes/class-wp-hook.php:327
[30-Sep-2021 08:54:52 UTC] PHP   9. rest_api_loaded() /Users/jacopo/Desktop/notion-woocommerce-integration/wp/app/public/wp-includes/class-wp-hook.php:303
[30-Sep-2021 08:54:52 UTC] PHP  10. WP_REST_Server->serve_request() /Users/jacopo/Desktop/notion-woocommerce-integration/wp/app/public/wp-includes/rest-api.php:370
[30-Sep-2021 08:54:52 UTC] PHP  11. WP_REST_Server->dispatch() /Users/jacopo/Desktop/notion-woocommerce-integration/wp/app/public/wp-includes/rest-api/class-wp-rest-server.php:414
[30-Sep-2021 08:54:52 UTC] PHP  12. WP_REST_Server->respond_to_request() /Users/jacopo/Desktop/notion-woocommerce-integration/wp/app/public/wp-includes/rest-api/class-wp-rest-server.php:987
[30-Sep-2021 08:54:52 UTC] PHP  13. Automattic\WooCommerce\Admin\API\OnboardingFreeExtensions->get_available_extensions() /Users/jacopo/Desktop/notion-woocommerce-integration/wp/app/public/wp-includes/rest-api/class-wp-rest-server.php:1140
[30-Sep-2021 08:54:52 UTC] PHP  14. Automattic\WooCommerce\Admin\Features\RemoteFreeExtensions\Init::get_extensions() /Users/jacopo/Desktop/notion-woocommerce-integration/wp/app/public/wp-content/plugins/woocommerce/packages/woocommerce-admin/src/API/OnboardingFreeExtensions.php:75
[30-Sep-2021 08:54:52 UTC] PHP  15. Automattic\WooCommerce\Admin\Features\RemoteFreeExtensions\EvaluateExtension::evaluate() /Users/jacopo/Desktop/notion-woocommerce-integration/wp/app/public/wp-content/plugins/woocommerce/packages/woocommerce-admin/src/Features/RemoteFreeExtensions/Init.php:41
[30-Sep-2021 08:54:52 UTC] PHP  16. Automattic\WooCommerce\Admin\RemoteInboxNotifications\RuleEvaluator->evaluate() /Users/jacopo/Desktop/notion-woocommerce-integration/wp/app/public/wp-content/plugins/woocommerce/packages/woocommerce-admin/src/Features/RemoteFreeExtensions/EvaluateExtension.php:26
[30-Sep-2021 08:54:52 UTC] PHP  17. Automattic\WooCommerce\Admin\RemoteInboxNotifications\OptionRuleProcessor->process() /Users/jacopo/Desktop/notion-woocommerce-integration/wp/app/public/wp-content/plugins/woocommerce/packages/woocommerce-admin/src/RemoteInboxNotifications/RuleEvaluator.php:47
[30-Sep-2021 08:54:52 UTC] PHP  18. Automattic\WooCommerce\Admin\RemoteInboxNotifications\TransformerService::apply() /Users/jacopo/Desktop/notion-woocommerce-integration/wp/app/public/wp-content/plugins/woocommerce/packages/woocommerce-admin/src/RemoteInboxNotifications/OptionRuleProcessor.php:45
[30-Sep-2021 08:54:52 UTC] PHP  19. Automattic\WooCommerce\Admin\RemoteInboxNotifications\Transformers\ArrayColumn->transform() /Users/jacopo/Desktop/notion-woocommerce-integration/wp/app/public/wp-content/plugins/woocommerce/packages/woocommerce-admin/src/RemoteInboxNotifications/TransformerService.php:59
[30-Sep-2021 08:54:52 UTC] PHP  20. array_column() /Users/jacopo/Desktop/notion-woocommerce-integration/wp/app/public/wp-content/plugins/woocommerce/packages/woocommerce-admin/src/RemoteInboxNotifications/Transformers/ArrayColumn.php:27
[30-Sep-2021 08:54:52 UTC] PHP Warning:  count(): Parameter must be an array or an object that implements Countable in /Users/jacopo/Desktop/notion-woocommerce-integration/wp/app/public/wp-content/plugins/woocommerce/packages/woocommerce-admin/src/RemoteInboxNotifications/Transformers/Count.php on line 24
[30-Sep-2021 08:54:52 UTC] PHP Stack trace:
[30-Sep-2021 08:54:52 UTC] PHP   1. {main}() /Users/jacopo/Desktop/notion-woocommerce-integration/wp/app/public/index.php:0
[30-Sep-2021 08:54:52 UTC] PHP   2. require() /Users/jacopo/Desktop/notion-woocommerce-integration/wp/app/public/index.php:17
[30-Sep-2021 08:54:52 UTC] PHP   3. wp() /Users/jacopo/Desktop/notion-woocommerce-integration/wp/app/public/wp-blog-header.php:16
[30-Sep-2021 08:54:52 UTC] PHP   4. WP->main() /Users/jacopo/Desktop/notion-woocommerce-integration/wp/app/public/wp-includes/functions.php:1291
[30-Sep-2021 08:54:52 UTC] PHP   5. WP->parse_request() /Users/jacopo/Desktop/notion-woocommerce-integration/wp/app/public/wp-includes/class-wp.php:750
[30-Sep-2021 08:54:52 UTC] PHP   6. do_action_ref_array() /Users/jacopo/Desktop/notion-woocommerce-integration/wp/app/public/wp-includes/class-wp.php:388
[30-Sep-2021 08:54:52 UTC] PHP   7. WP_Hook->do_action() /Users/jacopo/Desktop/notion-woocommerce-integration/wp/app/public/wp-includes/plugin.php:518
[30-Sep-2021 08:54:52 UTC] PHP   8. WP_Hook->apply_filters() /Users/jacopo/Desktop/notion-woocommerce-integration/wp/app/public/wp-includes/class-wp-hook.php:327
[30-Sep-2021 08:54:52 UTC] PHP   9. rest_api_loaded() /Users/jacopo/Desktop/notion-woocommerce-integration/wp/app/public/wp-includes/class-wp-hook.php:303
[30-Sep-2021 08:54:52 UTC] PHP  10. WP_REST_Server->serve_request() /Users/jacopo/Desktop/notion-woocommerce-integration/wp/app/public/wp-includes/rest-api.php:370
[30-Sep-2021 08:54:52 UTC] PHP  11. WP_REST_Server->dispatch() /Users/jacopo/Desktop/notion-woocommerce-integration/wp/app/public/wp-includes/rest-api/class-wp-rest-server.php:414
[30-Sep-2021 08:54:52 UTC] PHP  12. WP_REST_Server->respond_to_request() /Users/jacopo/Desktop/notion-woocommerce-integration/wp/app/public/wp-includes/rest-api/class-wp-rest-server.php:987
[30-Sep-2021 08:54:52 UTC] PHP  13. Automattic\WooCommerce\Admin\API\OnboardingFreeExtensions->get_available_extensions() /Users/jacopo/Desktop/notion-woocommerce-integration/wp/app/public/wp-includes/rest-api/class-wp-rest-server.php:1140
[30-Sep-2021 08:54:52 UTC] PHP  14. Automattic\WooCommerce\Admin\Features\RemoteFreeExtensions\Init::get_extensions() /Users/jacopo/Desktop/notion-woocommerce-integration/wp/app/public/wp-content/plugins/woocommerce/packages/woocommerce-admin/src/API/OnboardingFreeExtensions.php:75
[30-Sep-2021 08:54:52 UTC] PHP  15. Automattic\WooCommerce\Admin\Features\RemoteFreeExtensions\EvaluateExtension::evaluate() /Users/jacopo/Desktop/notion-woocommerce-integration/wp/app/public/wp-content/plugins/woocommerce/packages/woocommerce-admin/src/Features/RemoteFreeExtensions/Init.php:41
[30-Sep-2021 08:54:52 UTC] PHP  16. Automattic\WooCommerce\Admin\RemoteInboxNotifications\RuleEvaluator->evaluate() /Users/jacopo/Desktop/notion-woocommerce-integration/wp/app/public/wp-content/plugins/woocommerce/packages/woocommerce-admin/src/Features/RemoteFreeExtensions/EvaluateExtension.php:26
[30-Sep-2021 08:54:52 UTC] PHP  17. Automattic\WooCommerce\Admin\RemoteInboxNotifications\OrRuleProcessor->process() /Users/jacopo/Desktop/notion-woocommerce-integration/wp/app/public/wp-content/plugins/woocommerce/packages/woocommerce-admin/src/RemoteInboxNotifications/RuleEvaluator.php:47
[30-Sep-2021 08:54:52 UTC] PHP  18. Automattic\WooCommerce\Admin\RemoteInboxNotifications\RuleEvaluator->evaluate() /Users/jacopo/Desktop/notion-woocommerce-integration/wp/app/public/wp-content/plugins/woocommerce/packages/woocommerce-admin/src/RemoteInboxNotifications/OrRuleProcessor.php:38
[30-Sep-2021 08:54:52 UTC] PHP  19. Automattic\WooCommerce\Admin\RemoteInboxNotifications\OptionRuleProcessor->process() /Users/jacopo/Desktop/notion-woocommerce-integration/wp/app/public/wp-content/plugins/woocommerce/packages/woocommerce-admin/src/RemoteInboxNotifications/RuleEvaluator.php:47
[30-Sep-2021 08:54:52 UTC] PHP  20. Automattic\WooCommerce\Admin\RemoteInboxNotifications\TransformerService::apply() /Users/jacopo/Desktop/notion-woocommerce-integration/wp/app/public/wp-content/plugins/woocommerce/packages/woocommerce-admin/src/RemoteInboxNotifications/OptionRuleProcessor.php:45
[30-Sep-2021 08:54:52 UTC] PHP  21. Automattic\WooCommerce\Admin\RemoteInboxNotifications\Transformers\Count->transform() /Users/jacopo/Desktop/notion-woocommerce-integration/wp/app/public/wp-content/plugins/woocommerce/packages/woocommerce-admin/src/RemoteInboxNotifications/TransformerService.php:59
[30-Sep-2021 08:54:52 UTC] PHP  22. count() /Users/jacopo/Desktop/notion-woocommerce-integration/wp/app/public/wp-content/plugins/woocommerce/packages/woocommerce-admin/src/RemoteInboxNotifications/Transformers/Count.php:24
